[2024-01-27 15:16:16.230140 -04:00] INFO [src/core_main.rs:158] main start args:["--check-hwcodec-config"]
[2024-01-27 15:16:16.258262 -04:00] DEBUG [/root/.cargo/git/checkouts/hwcodec-8b4454f7f5e13466/82cdc15/src/encode.rs:238] prepare yuv 1.37371ms
[2024-01-27 15:16:16.260357 -04:00] DEBUG [/root/.cargo/git/checkouts/hwcodec-8b4454f7f5e13466/82cdc15/src/encode.rs:260] hevc_qsv new failed 1.668183ms
[2024-01-27 15:16:16.260359 -04:00] DEBUG [/root/.cargo/git/checkouts/hwcodec-8b4454f7f5e13466/82cdc15/src/encode.rs:260] h264_qsv new failed 1.865057ms
[2024-01-27 15:16:16.262449 -04:00] DEBUG [/root/.cargo/git/checkouts/hwcodec-8b4454f7f5e13466/82cdc15/src/encode.rs:260] hevc_amf new failed 3.826767ms
[2024-01-27 15:16:16.266230 -04:00] DEBUG [/root/.cargo/git/checkouts/hwcodec-8b4454f7f5e13466/82cdc15/src/encode.rs:260] hevc_nvenc new failed 7.502922ms
[2024-01-27 15:16:16.266215 -04:00] DEBUG [/root/.cargo/git/checkouts/hwcodec-8b4454f7f5e13466/82cdc15/src/encode.rs:260] h264_amf new failed 7.708586ms
[2024-01-27 15:16:16.266367 -04:00] DEBUG [/root/.cargo/git/checkouts/hwcodec-8b4454f7f5e13466/82cdc15/src/encode.rs:260] h264_nvenc new failed 7.951671ms
[2024-01-27 15:16:16.267183 -04:00] DEBUG [/root/.cargo/git/checkouts/hwcodec-8b4454f7f5e13466/82cdc15/src/decode.rs:356] name:h264 device:AV_HWDEVICE_TYPE_CUDA new failed:607.445µs
[2024-01-27 15:16:16.267514 -04:00] DEBUG [/root/.cargo/git/checkouts/hwcodec-8b4454f7f5e13466/82cdc15/src/decode.rs:356] name:hevc device:AV_HWDEVICE_TYPE_CUDA new failed:910.865µs
[2024-01-27 15:16:16.267803 -04:00] DEBUG [/root/.cargo/git/checkouts/hwcodec-8b4454f7f5e13466/82cdc15/src/decode.rs:328] name:hevc device:AV_HWDEVICE_TYPE_NONE new:1.081254ms
[2024-01-27 15:16:16.294514 -04:00] DEBUG [/root/.cargo/git/checkouts/hwcodec-8b4454f7f5e13466/82cdc15/src/decode.rs:340] name:hevc device:AV_HWDEVICE_TYPE_NONE decode:26.66633ms
[2024-01-27 15:16:16.311546 -04:00] DEBUG [/root/.cargo/git/checkouts/hwcodec-8b4454f7f5e13466/82cdc15/src/decode.rs:328] name:h264 device:AV_HWDEVICE_TYPE_NONE new:2.07966ms
[2024-01-27 15:16:16.325699 -04:00] DEBUG [/root/.cargo/git/checkouts/hwcodec-8b4454f7f5e13466/82cdc15/src/decode.rs:340] name:h264 device:AV_HWDEVICE_TYPE_NONE decode:14.067345ms
[2024-01-27 15:16:16.331073 -04:00] DEBUG [/root/.cargo/git/checkouts/hwcodec-8b4454f7f5e13466/82cdc15/src/decode.rs:328] name:hevc device:AV_HWDEVICE_TYPE_VAAPI new:63.465177ms
[2024-01-27 15:16:16.331136 -04:00] DEBUG [/root/.cargo/git/checkouts/hwcodec-8b4454f7f5e13466/82cdc15/src/decode.rs:328] name:h264 device:AV_HWDEVICE_TYPE_VAAPI new:63.603338ms
[2024-01-27 15:16:16.350578 -04:00] DEBUG [/root/.cargo/git/checkouts/hwcodec-8b4454f7f5e13466/82cdc15/src/decode.rs:340] name:h264 device:AV_HWDEVICE_TYPE_VAAPI decode:19.355994ms
[2024-01-27 15:16:16.362965 -04:00] DEBUG [/root/.cargo/git/checkouts/hwcodec-8b4454f7f5e13466/82cdc15/src/decode.rs:348] name:hevc device:AV_HWDEVICE_TYPE_VAAPI decode failed:31.830136ms
[2024-01-27 15:16:16.374152 -04:00] DEBUG [libs/hbb_common/src/config.rs:434] Configuration path: /home/vcatafesta/.config/rustdesk/RustDesk_hwcodec.toml
[2024-01-27 15:16:16.374236 -04:00] DEBUG [libs/hbb_common/src/config.rs:434] Configuration path: /home/vcatafesta/.config/rustdesk/RustDesk_hwcodec.toml
